
*** Running vivado
    with args -log mcs_top_vanilla.vds -m64 -product Vivado -mode batch -messageDb vivado.pb -notrace -source mcs_top_vanilla.tcl


****** Vivado v2017.2.1 (64-bit)
  **** SW Build 1957588 on Wed Aug  9 16:32:24 MDT 2017
  **** IP Build 1948039 on Wed Aug  9 18:19:28 MDT 2017
    ** Copyright 1986-2017 Xilinx, Inc. All Rights Reserved.

source mcs_top_vanilla.tcl -notrace
Command: synth_design -top mcs_top_vanilla -part xc7a100tcsg324-1
Starting synth_design
WARNING: [Vivado_Tcl 4-393] The 'Implementation' target of the following IPs are stale, please generate the output products using the generate_target or synth_ip command before running synth_design.
H:/SoC_Labs/sseg_soc/nexys4_sv_vanilla/nexys4_sv_vanilla.srcs/sources_1/ip/cpu/cpu.xci

INFO: [IP_Flow 19-2162] IP 'cpu' is locked:
* Current project part 'xc7a100tcsg324-1' and the part 'xc7a35tcpg236-1' used to customize the IP 'cpu' do not match.
* IP 'cpu' contains one or more locked subcores.
Please select 'Report IP Status' from the 'Tools/Report' menu or run Tcl command 'report_ip_status' for more information.
Attempting to get a license for feature 'Synthesis' and/or device 'xc7a100t-csg324'
INFO: [Common 17-349] Got license for feature 'Synthesis' and/or device 'xc7a100t-csg324'
INFO: Launching helper process for spawning children vivado processes
INFO: Helper process launched with PID 15236 
---------------------------------------------------------------------------------
Starting RTL Elaboration : Time (s): cpu = 00:00:03 ; elapsed = 00:00:03 . Memory (MB): peak = 355.293 ; gain = 75.867
---------------------------------------------------------------------------------
INFO: [Synth 8-638] synthesizing module 'mcs_top_vanilla' [H:/SoC_Labs/sseg_soc/nexys4_sv_vanilla/nexys4_sv_vanilla.srcs/sources_1/imports/code_listing_sv/fpga_mcs_sv_src/hdl/sys/top/mcs_top_vanilla.sv:1]
	Parameter BRG_BASE bound to: -1073741824 - type: integer 
INFO: [Synth 8-638] synthesizing module 'cpu' [H:/SoC_Labs/sseg_soc/nexys4_sv_vanilla/Master_Files/synth_1/.Xil/Vivado-12860-ROG-115-10/realtime/cpu_stub.vhdl:21]
INFO: [Synth 8-638] synthesizing module 'chu_mcs_bridge' [H:/SoC_Labs/sseg_soc/nexys4_sv_vanilla/nexys4_sv_vanilla.srcs/sources_1/imports/code_listing_sv/fpga_mcs_sv_src/hdl/sys/bridge/chu_mcs_bridge.sv:1]
	Parameter BRG_BASE bound to: -1073741824 - type: integer 
INFO: [Synth 8-256] done synthesizing module 'chu_mcs_bridge' (1#1) [H:/SoC_Labs/sseg_soc/nexys4_sv_vanilla/nexys4_sv_vanilla.srcs/sources_1/imports/code_listing_sv/fpga_mcs_sv_src/hdl/sys/bridge/chu_mcs_bridge.sv:1]
INFO: [Synth 8-638] synthesizing module 'mmio_sys_vanilla' [H:/SoC_Labs/sseg_soc/nexys4_sv_vanilla/nexys4_sv_vanilla.srcs/sources_1/imports/code_listing_sv/fpga_mcs_sv_src/hdl/sys/subsys/mmio_sys_vanilla.sv:2]
	Parameter N_SW bound to: 16 - type: integer 
	Parameter N_LED bound to: 16 - type: integer 
	Parameter N_AN bound to: 8 - type: integer 
INFO: [Synth 8-638] synthesizing module 'chu_mmio_controller' [H:/SoC_Labs/sseg_soc/nexys4_sv_vanilla/nexys4_sv_vanilla.srcs/sources_1/imports/code_listing_sv/fpga_mcs_sv_src/hdl/mmio/mmio_support/chu_mmio_controller.sv:1]
INFO: [Synth 8-256] done synthesizing module 'chu_mmio_controller' (2#1) [H:/SoC_Labs/sseg_soc/nexys4_sv_vanilla/nexys4_sv_vanilla.srcs/sources_1/imports/code_listing_sv/fpga_mcs_sv_src/hdl/mmio/mmio_support/chu_mmio_controller.sv:1]
INFO: [Synth 8-638] synthesizing module 'chu_timer' [H:/SoC_Labs/sseg_soc/nexys4_sv_vanilla/nexys4_sv_vanilla.srcs/sources_1/imports/code_listing_sv/fpga_mcs_sv_src/hdl/mmio/mmio_basic/chu_timer.sv:9]
INFO: [Synth 8-256] done synthesizing module 'chu_timer' (3#1) [H:/SoC_Labs/sseg_soc/nexys4_sv_vanilla/nexys4_sv_vanilla.srcs/sources_1/imports/code_listing_sv/fpga_mcs_sv_src/hdl/mmio/mmio_basic/chu_timer.sv:9]
INFO: [Synth 8-638] synthesizing module 'chu_uart' [H:/SoC_Labs/sseg_soc/nexys4_sv_vanilla/nexys4_sv_vanilla.srcs/sources_1/imports/code_listing_sv/fpga_mcs_sv_src/hdl/mmio/uart/chu_uart.sv:8]
	Parameter FIFO_DEPTH_BIT bound to: 8 - type: integer 
INFO: [Synth 8-638] synthesizing module 'uart' [H:/SoC_Labs/sseg_soc/nexys4_sv_vanilla/nexys4_sv_vanilla.srcs/sources_1/imports/code_listing_sv/fpga_mcs_sv_src/hdl/mmio/uart/uart.sv:1]
	Parameter DBIT bound to: 8 - type: integer 
	Parameter SB_TICK bound to: 16 - type: integer 
	Parameter FIFO_W bound to: 8 - type: integer 
INFO: [Synth 8-638] synthesizing module 'baud_gen' [H:/SoC_Labs/sseg_soc/nexys4_sv_vanilla/nexys4_sv_vanilla.srcs/sources_1/imports/code_listing_sv/fpga_mcs_sv_src/hdl/mmio/uart/baud_gen.sv:4]
INFO: [Synth 8-256] done synthesizing module 'baud_gen' (4#1) [H:/SoC_Labs/sseg_soc/nexys4_sv_vanilla/nexys4_sv_vanilla.srcs/sources_1/imports/code_listing_sv/fpga_mcs_sv_src/hdl/mmio/uart/baud_gen.sv:4]
INFO: [Synth 8-638] synthesizing module 'uart_rx' [H:/SoC_Labs/sseg_soc/nexys4_sv_vanilla/nexys4_sv_vanilla.srcs/sources_1/imports/code_listing_sv/fpga_mcs_sv_src/hdl/mmio/uart/uart_rx.sv:2]
	Parameter DBIT bound to: 8 - type: integer 
	Parameter SB_TICK bound to: 16 - type: integer 
INFO: [Synth 8-155] case statement is not full and has no default [H:/SoC_Labs/sseg_soc/nexys4_sv_vanilla/nexys4_sv_vanilla.srcs/sources_1/imports/code_listing_sv/fpga_mcs_sv_src/hdl/mmio/uart/uart_rx.sv:47]
INFO: [Synth 8-256] done synthesizing module 'uart_rx' (5#1) [H:/SoC_Labs/sseg_soc/nexys4_sv_vanilla/nexys4_sv_vanilla.srcs/sources_1/imports/code_listing_sv/fpga_mcs_sv_src/hdl/mmio/uart/uart_rx.sv:2]
INFO: [Synth 8-638] synthesizing module 'uart_tx' [H:/SoC_Labs/sseg_soc/nexys4_sv_vanilla/nexys4_sv_vanilla.srcs/sources_1/imports/code_listing_sv/fpga_mcs_sv_src/hdl/mmio/uart/uart_tx.sv:2]
	Parameter DBIT bound to: 8 - type: integer 
	Parameter SB_TICK bound to: 16 - type: integer 
INFO: [Synth 8-155] case statement is not full and has no default [H:/SoC_Labs/sseg_soc/nexys4_sv_vanilla/nexys4_sv_vanilla.srcs/sources_1/imports/code_listing_sv/fpga_mcs_sv_src/hdl/mmio/uart/uart_tx.sv:52]
INFO: [Synth 8-256] done synthesizing module 'uart_tx' (6#1) [H:/SoC_Labs/sseg_soc/nexys4_sv_vanilla/nexys4_sv_vanilla.srcs/sources_1/imports/code_listing_sv/fpga_mcs_sv_src/hdl/mmio/uart/uart_tx.sv:2]
INFO: [Synth 8-638] synthesizing module 'fifo' [H:/SoC_Labs/sseg_soc/nexys4_sv_vanilla/nexys4_sv_vanilla.srcs/sources_1/imports/code_listing_sv/fpga_mcs_sv_src/hdl/mmio/mmio_support/fifo/fifo.sv:2]
	Parameter DATA_WIDTH bound to: 8 - type: integer 
	Parameter ADDR_WIDTH bound to: 8 - type: integer 
INFO: [Synth 8-638] synthesizing module 'fifo_ctrl' [H:/SoC_Labs/sseg_soc/nexys4_sv_vanilla/nexys4_sv_vanilla.srcs/sources_1/imports/code_listing_sv/fpga_mcs_sv_src/hdl/mmio/mmio_support/fifo/fifo_ctrl.sv:2]
	Parameter ADDR_WIDTH bound to: 8 - type: integer 
INFO: [Synth 8-294] found qualifier unique on case statement: implementing as parallel_case [H:/SoC_Labs/sseg_soc/nexys4_sv_vanilla/nexys4_sv_vanilla.srcs/sources_1/imports/code_listing_sv/fpga_mcs_sv_src/hdl/mmio/mmio_support/fifo/fifo_ctrl.sv:49]
WARNING: [Synth 8-6014] Unused sequential element w_ptr_succ_reg was removed.  [H:/SoC_Labs/sseg_soc/nexys4_sv_vanilla/nexys4_sv_vanilla.srcs/sources_1/imports/code_listing_sv/fpga_mcs_sv_src/hdl/mmio/mmio_support/fifo/fifo_ctrl.sv:42]
WARNING: [Synth 8-6014] Unused sequential element r_ptr_succ_reg was removed.  [H:/SoC_Labs/sseg_soc/nexys4_sv_vanilla/nexys4_sv_vanilla.srcs/sources_1/imports/code_listing_sv/fpga_mcs_sv_src/hdl/mmio/mmio_support/fifo/fifo_ctrl.sv:43]
INFO: [Synth 8-256] done synthesizing module 'fifo_ctrl' (7#1) [H:/SoC_Labs/sseg_soc/nexys4_sv_vanilla/nexys4_sv_vanilla.srcs/sources_1/imports/code_listing_sv/fpga_mcs_sv_src/hdl/mmio/mmio_support/fifo/fifo_ctrl.sv:2]
INFO: [Synth 8-638] synthesizing module 'reg_file' [H:/SoC_Labs/sseg_soc/nexys4_sv_vanilla/nexys4_sv_vanilla.srcs/sources_1/imports/code_listing_sv/fpga_mcs_sv_src/hdl/mmio/mmio_support/fifo/reg_file.sv:2]
	Parameter DATA_WIDTH bound to: 8 - type: integer 
	Parameter ADDR_WIDTH bound to: 8 - type: integer 
INFO: [Synth 8-256] done synthesizing module 'reg_file' (8#1) [H:/SoC_Labs/sseg_soc/nexys4_sv_vanilla/nexys4_sv_vanilla.srcs/sources_1/imports/code_listing_sv/fpga_mcs_sv_src/hdl/mmio/mmio_support/fifo/reg_file.sv:2]
INFO: [Synth 8-256] done synthesizing module 'fifo' (9#1) [H:/SoC_Labs/sseg_soc/nexys4_sv_vanilla/nexys4_sv_vanilla.srcs/sources_1/imports/code_listing_sv/fpga_mcs_sv_src/hdl/mmio/mmio_support/fifo/fifo.sv:2]
INFO: [Synth 8-256] done synthesizing module 'uart' (10#1) [H:/SoC_Labs/sseg_soc/nexys4_sv_vanilla/nexys4_sv_vanilla.srcs/sources_1/imports/code_listing_sv/fpga_mcs_sv_src/hdl/mmio/uart/uart.sv:1]
INFO: [Synth 8-256] done synthesizing module 'chu_uart' (11#1) [H:/SoC_Labs/sseg_soc/nexys4_sv_vanilla/nexys4_sv_vanilla.srcs/sources_1/imports/code_listing_sv/fpga_mcs_sv_src/hdl/mmio/uart/chu_uart.sv:8]
INFO: [Synth 8-638] synthesizing module 'chu_gpo' [H:/SoC_Labs/sseg_soc/nexys4_sv_vanilla/nexys4_sv_vanilla.srcs/sources_1/imports/code_listing_sv/fpga_mcs_sv_src/hdl/mmio/mmio_basic/chu_gpo.sv:1]
	Parameter W bound to: 16 - type: integer 
INFO: [Synth 8-256] done synthesizing module 'chu_gpo' (12#1) [H:/SoC_Labs/sseg_soc/nexys4_sv_vanilla/nexys4_sv_vanilla.srcs/sources_1/imports/code_listing_sv/fpga_mcs_sv_src/hdl/mmio/mmio_basic/chu_gpo.sv:1]
INFO: [Synth 8-638] synthesizing module 'chu_gpi' [H:/SoC_Labs/sseg_soc/nexys4_sv_vanilla/nexys4_sv_vanilla.srcs/sources_1/imports/code_listing_sv/fpga_mcs_sv_src/hdl/mmio/mmio_basic/chu_gpi.sv:1]
	Parameter W bound to: 16 - type: integer 
INFO: [Synth 8-256] done synthesizing module 'chu_gpi' (13#1) [H:/SoC_Labs/sseg_soc/nexys4_sv_vanilla/nexys4_sv_vanilla.srcs/sources_1/imports/code_listing_sv/fpga_mcs_sv_src/hdl/mmio/mmio_basic/chu_gpi.sv:1]
INFO: [Synth 8-638] synthesizing module 'sseg_wrapper' [H:/SoC_Labs/sseg_soc/nexys4_sv_vanilla/nexys4_sv_vanilla.srcs/sources_1/imports/code_listing_sv/fpga_mcs_sv_src/hdl/mmio/sseg/sseg_wrapper.sv:1]
	Parameter W bound to: 8 - type: integer 
INFO: [Synth 8-638] synthesizing module 'sseg_disp' [H:/SoC_Labs/sseg_soc/nexys4_sv_vanilla/nexys4_sv_vanilla.srcs/sources_1/imports/code_listing_sv/fpga_mcs_sv_src/hdl/mmio/sseg/sseg_disp.sv:3]
INFO: [Synth 8-638] synthesizing module 'register' [H:/SoC_Labs/sseg_soc/nexys4_sv_vanilla/nexys4_sv_vanilla.srcs/sources_1/imports/code_listing_sv/fpga_mcs_sv_src/hdl/mmio/sseg/register.sv:3]
WARNING: [Synth 8-3848] Net r_next in module/entity register does not have driver. [H:/SoC_Labs/sseg_soc/nexys4_sv_vanilla/nexys4_sv_vanilla.srcs/sources_1/imports/code_listing_sv/fpga_mcs_sv_src/hdl/mmio/sseg/register.sv:8]
INFO: [Synth 8-256] done synthesizing module 'register' (14#1) [H:/SoC_Labs/sseg_soc/nexys4_sv_vanilla/nexys4_sv_vanilla.srcs/sources_1/imports/code_listing_sv/fpga_mcs_sv_src/hdl/mmio/sseg/register.sv:3]
INFO: [Synth 8-638] synthesizing module 'counter' [H:/SoC_Labs/sseg_soc/nexys4_sv_vanilla/nexys4_sv_vanilla.srcs/sources_1/imports/code_listing_sv/fpga_mcs_sv_src/hdl/mmio/sseg/counter.sv:1]
	Parameter N bound to: 27 - type: integer 
INFO: [Synth 8-256] done synthesizing module 'counter' (15#1) [H:/SoC_Labs/sseg_soc/nexys4_sv_vanilla/nexys4_sv_vanilla.srcs/sources_1/imports/code_listing_sv/fpga_mcs_sv_src/hdl/mmio/sseg/counter.sv:1]
INFO: [Synth 8-638] synthesizing module 'hex_to_sseg' [H:/SoC_Labs/sseg_soc/nexys4_sv_vanilla/nexys4_sv_vanilla.srcs/sources_1/imports/code_listing_sv/fpga_mcs_sv_src/hdl/mmio/sseg/list_ch03_14_hex_to_sseg.sv:2]
INFO: [Synth 8-256] done synthesizing module 'hex_to_sseg' (16#1) [H:/SoC_Labs/sseg_soc/nexys4_sv_vanilla/nexys4_sv_vanilla.srcs/sources_1/imports/code_listing_sv/fpga_mcs_sv_src/hdl/mmio/sseg/list_ch03_14_hex_to_sseg.sv:2]
INFO: [Synth 8-638] synthesizing module 'disp_mux' [H:/SoC_Labs/sseg_soc/nexys4_sv_vanilla/nexys4_sv_vanilla.srcs/sources_1/imports/code_listing_sv/fpga_mcs_sv_src/hdl/mmio/sseg/ch04_15_disp_mux.sv:2]
INFO: [Synth 8-256] done synthesizing module 'disp_mux' (17#1) [H:/SoC_Labs/sseg_soc/nexys4_sv_vanilla/nexys4_sv_vanilla.srcs/sources_1/imports/code_listing_sv/fpga_mcs_sv_src/hdl/mmio/sseg/ch04_15_disp_mux.sv:2]
INFO: [Synth 8-256] done synthesizing module 'sseg_disp' (18#1) [H:/SoC_Labs/sseg_soc/nexys4_sv_vanilla/nexys4_sv_vanilla.srcs/sources_1/imports/code_listing_sv/fpga_mcs_sv_src/hdl/mmio/sseg/sseg_disp.sv:3]
INFO: [Synth 8-256] done synthesizing module 'sseg_wrapper' (19#1) [H:/SoC_Labs/sseg_soc/nexys4_sv_vanilla/nexys4_sv_vanilla.srcs/sources_1/imports/code_listing_sv/fpga_mcs_sv_src/hdl/mmio/sseg/sseg_wrapper.sv:1]
INFO: [Synth 8-256] done synthesizing module 'mmio_sys_vanilla' (20#1) [H:/SoC_Labs/sseg_soc/nexys4_sv_vanilla/nexys4_sv_vanilla.srcs/sources_1/imports/code_listing_sv/fpga_mcs_sv_src/hdl/sys/subsys/mmio_sys_vanilla.sv:2]
INFO: [Synth 8-256] done synthesizing module 'mcs_top_vanilla' (21#1) [H:/SoC_Labs/sseg_soc/nexys4_sv_vanilla/nexys4_sv_vanilla.srcs/sources_1/imports/code_listing_sv/fpga_mcs_sv_src/hdl/sys/top/mcs_top_vanilla.sv:1]
WARNING: [Synth 8-3331] design sseg_wrapper has unconnected port read
WARNING: [Synth 8-3331] design chu_gpi has unconnected port cs
WARNING: [Synth 8-3331] design chu_gpi has unconnected port read
WARNING: [Synth 8-3331] design chu_gpi has unconnected port write
WARNING: [Synth 8-3331] design chu_gpi has unconnected port addr[4]
WARNING: [Synth 8-3331] design chu_gpi has unconnected port addr[3]
WARNING: [Synth 8-3331] design chu_gpi has unconnected port addr[2]
WARNING: [Synth 8-3331] design chu_gpi has unconnected port addr[1]
WARNING: [Synth 8-3331] design chu_gpi has unconnected port addr[0]
WARNING: [Synth 8-3331] design chu_gpi has unconnected port wr_data[31]
WARNING: [Synth 8-3331] design chu_gpi has unconnected port wr_data[30]
WARNING: [Synth 8-3331] design chu_gpi has unconnected port wr_data[29]
WARNING: [Synth 8-3331] design chu_gpi has unconnected port wr_data[28]
WARNING: [Synth 8-3331] design chu_gpi has unconnected port wr_data[27]
WARNING: [Synth 8-3331] design chu_gpi has unconnected port wr_data[26]
WARNING: [Synth 8-3331] design chu_gpi has unconnected port wr_data[25]
WARNING: [Synth 8-3331] design chu_gpi has unconnected port wr_data[24]
WARNING: [Synth 8-3331] design chu_gpi has unconnected port wr_data[23]
WARNING: [Synth 8-3331] design chu_gpi has unconnected port wr_data[22]
WARNING: [Synth 8-3331] design chu_gpi has unconnected port wr_data[21]
WARNING: [Synth 8-3331] design chu_gpi has unconnected port wr_data[20]
WARNING: [Synth 8-3331] design chu_gpi has unconnected port wr_data[19]
WARNING: [Synth 8-3331] design chu_gpi has unconnected port wr_data[18]
WARNING: [Synth 8-3331] design chu_gpi has unconnected port wr_data[17]
WARNING: [Synth 8-3331] design chu_gpi has unconnected port wr_data[16]
WARNING: [Synth 8-3331] design chu_gpi has unconnected port wr_data[15]
WARNING: [Synth 8-3331] design chu_gpi has unconnected port wr_data[14]
WARNING: [Synth 8-3331] design chu_gpi has unconnected port wr_data[13]
WARNING: [Synth 8-3331] design chu_gpi has unconnected port wr_data[12]
WARNING: [Synth 8-3331] design chu_gpi has unconnected port wr_data[11]
WARNING: [Synth 8-3331] design chu_gpi has unconnected port wr_data[10]
WARNING: [Synth 8-3331] design chu_gpi has unconnected port wr_data[9]
WARNING: [Synth 8-3331] design chu_gpi has unconnected port wr_data[8]
WARNING: [Synth 8-3331] design chu_gpi has unconnected port wr_data[7]
WARNING: [Synth 8-3331] design chu_gpi has unconnected port wr_data[6]
WARNING: [Synth 8-3331] design chu_gpi has unconnected port wr_data[5]
WARNING: [Synth 8-3331] design chu_gpi has unconnected port wr_data[4]
WARNING: [Synth 8-3331] design chu_gpi has unconnected port wr_data[3]
WARNING: [Synth 8-3331] design chu_gpi has unconnected port wr_data[2]
WARNING: [Synth 8-3331] design chu_gpi has unconnected port wr_data[1]
WARNING: [Synth 8-3331] design chu_gpi has unconnected port wr_data[0]
WARNING: [Synth 8-3331] design chu_gpo has unconnected port read
WARNING: [Synth 8-3331] design chu_gpo has unconnected port addr[4]
WARNING: [Synth 8-3331] design chu_gpo has unconnected port addr[3]
WARNING: [Synth 8-3331] design chu_gpo has unconnected port addr[2]
WARNING: [Synth 8-3331] design chu_gpo has unconnected port addr[1]
WARNING: [Synth 8-3331] design chu_gpo has unconnected port addr[0]
WARNING: [Synth 8-3331] design chu_gpo has unconnected port wr_data[31]
WARNING: [Synth 8-3331] design chu_gpo has unconnected port wr_data[30]
WARNING: [Synth 8-3331] design chu_gpo has unconnected port wr_data[29]
WARNING: [Synth 8-3331] design chu_gpo has unconnected port wr_data[28]
WARNING: [Synth 8-3331] design chu_gpo has unconnected port wr_data[27]
WARNING: [Synth 8-3331] design chu_gpo has unconnected port wr_data[26]
WARNING: [Synth 8-3331] design chu_gpo has unconnected port wr_data[25]
WARNING: [Synth 8-3331] design chu_gpo has unconnected port wr_data[24]
WARNING: [Synth 8-3331] design chu_gpo has unconnected port wr_data[23]
WARNING: [Synth 8-3331] design chu_gpo has unconnected port wr_data[22]
WARNING: [Synth 8-3331] design chu_gpo has unconnected port wr_data[21]
WARNING: [Synth 8-3331] design chu_gpo has unconnected port wr_data[20]
WARNING: [Synth 8-3331] design chu_gpo has unconnected port wr_data[19]
WARNING: [Synth 8-3331] design chu_gpo has unconnected port wr_data[18]
WARNING: [Synth 8-3331] design chu_gpo has unconnected port wr_data[17]
WARNING: [Synth 8-3331] design chu_gpo has unconnected port wr_data[16]
WARNING: [Synth 8-3331] design chu_uart has unconnected port read
WARNING: [Synth 8-3331] design chu_uart has unconnected port addr[4]
WARNING: [Synth 8-3331] design chu_uart has unconnected port addr[3]
WARNING: [Synth 8-3331] design chu_uart has unconnected port addr[2]
WARNING: [Synth 8-3331] design chu_uart has unconnected port wr_data[31]
WARNING: [Synth 8-3331] design chu_uart has unconnected port wr_data[30]
WARNING: [Synth 8-3331] design chu_uart has unconnected port wr_data[29]
WARNING: [Synth 8-3331] design chu_uart has unconnected port wr_data[28]
WARNING: [Synth 8-3331] design chu_uart has unconnected port wr_data[27]
WARNING: [Synth 8-3331] design chu_uart has unconnected port wr_data[26]
WARNING: [Synth 8-3331] design chu_uart has unconnected port wr_data[25]
WARNING: [Synth 8-3331] design chu_uart has unconnected port wr_data[24]
WARNING: [Synth 8-3331] design chu_uart has unconnected port wr_data[23]
WARNING: [Synth 8-3331] design chu_uart has unconnected port wr_data[22]
WARNING: [Synth 8-3331] design chu_uart has unconnected port wr_data[21]
WARNING: [Synth 8-3331] design chu_uart has unconnected port wr_data[20]
WARNING: [Synth 8-3331] design chu_uart has unconnected port wr_data[19]
WARNING: [Synth 8-3331] design chu_uart has unconnected port wr_data[18]
WARNING: [Synth 8-3331] design chu_uart has unconnected port wr_data[17]
WARNING: [Synth 8-3331] design chu_uart has unconnected port wr_data[16]
WARNING: [Synth 8-3331] design chu_uart has unconnected port wr_data[15]
WARNING: [Synth 8-3331] design chu_uart has unconnected port wr_data[14]
WARNING: [Synth 8-3331] design chu_uart has unconnected port wr_data[13]
WARNING: [Synth 8-3331] design chu_uart has unconnected port wr_data[12]
WARNING: [Synth 8-3331] design chu_uart has unconnected port wr_data[11]
WARNING: [Synth 8-3331] design chu_timer has unconnected port read
WARNING: [Synth 8-3331] design chu_timer has unconnected port addr[4]
WARNING: [Synth 8-3331] design chu_timer has unconnected port addr[3]
WARNING: [Synth 8-3331] design chu_timer has unconnected port addr[2]
WARNING: [Synth 8-3331] design chu_timer has unconnected port wr_data[31]
WARNING: [Synth 8-3331] design chu_timer has unconnected port wr_data[30]
WARNING: [Synth 8-3331] design chu_timer has unconnected port wr_data[29]
WARNING: [Synth 8-3331] design chu_timer has unconnected port wr_data[28]
WARNING: [Synth 8-3331] design chu_timer has unconnected port wr_data[27]
WARNING: [Synth 8-3331] design chu_timer has unconnected port wr_data[26]
WARNING: [Synth 8-3331] design chu_timer has unconnected port wr_data[25]
WARNING: [Synth 8-3331] design chu_timer has unconnected port wr_data[24]
INFO: [Common 17-14] Message 'Synth 8-3331' appears 100 times and further instances of the messages will be disabled. Use the Tcl command set_msg_config to change the current settings.
---------------------------------------------------------------------------------
Finished RTL Elaboration : Time (s): cpu = 00:00:04 ; elapsed = 00:00:05 . Memory (MB): peak = 395.375 ; gain = 115.949
---------------------------------------------------------------------------------

Report Check Netlist: 
+------+------------------+-------+---------+-------+------------------+
|      |Item              |Errors |Warnings |Status |Description       |
+------+------------------+-------+---------+-------+------------------+
|1     |multi_driven_nets |      0|        0|Passed |Multi driven nets |
+------+------------------+-------+---------+-------+------------------+
---------------------------------------------------------------------------------
Finished RTL Optimization Phase 1 : Time (s): cpu = 00:00:04 ; elapsed = 00:00:06 . Memory (MB): peak = 395.375 ; gain = 115.949
---------------------------------------------------------------------------------
INFO: [Device 21-403] Loading part xc7a100tcsg324-1
INFO: [Project 1-570] Preparing netlist for logic optimization

Processing XDC Constraints
Initializing timing engine
Parsing XDC File [H:/SoC_Labs/sseg_soc/nexys4_sv_vanilla/Master_Files/synth_1/.Xil/Vivado-12860-ROG-115-10/dcp3/cpu_in_context.xdc] for cell 'cpu_unit'
Finished Parsing XDC File [H:/SoC_Labs/sseg_soc/nexys4_sv_vanilla/Master_Files/synth_1/.Xil/Vivado-12860-ROG-115-10/dcp3/cpu_in_context.xdc] for cell 'cpu_unit'
Parsing XDC File [H:/SoC_Labs/sseg_soc/nexys4_sv_vanilla/nexys4_sv_vanilla.srcs/constrs_1/imports/constraint/Nexys4_DDR_chu.xdc]
WARNING: [Vivado 12-584] No ports matched 'btn[4]'. [H:/SoC_Labs/sseg_soc/nexys4_sv_vanilla/nexys4_sv_vanilla.srcs/constrs_1/imports/constraint/Nexys4_DDR_chu.xdc:47]
WARNING: [Vivado 12-584] No ports matched 'btn[0]'. [H:/SoC_Labs/sseg_soc/nexys4_sv_vanilla/nexys4_sv_vanilla.srcs/constrs_1/imports/constraint/Nexys4_DDR_chu.xdc:48]
WARNING: [Vivado 12-584] No ports matched 'btn[3]'. [H:/SoC_Labs/sseg_soc/nexys4_sv_vanilla/nexys4_sv_vanilla.srcs/constrs_1/imports/constraint/Nexys4_DDR_chu.xdc:49]
WARNING: [Vivado 12-584] No ports matched 'btn[1]'. [H:/SoC_Labs/sseg_soc/nexys4_sv_vanilla/nexys4_sv_vanilla.srcs/constrs_1/imports/constraint/Nexys4_DDR_chu.xdc:50]
WARNING: [Vivado 12-584] No ports matched 'btn[2]'. [H:/SoC_Labs/sseg_soc/nexys4_sv_vanilla/nexys4_sv_vanilla.srcs/constrs_1/imports/constraint/Nexys4_DDR_chu.xdc:51]
WARNING: [Vivado 12-584] No ports matched 'rgb_led1[0]'. [H:/SoC_Labs/sseg_soc/nexys4_sv_vanilla/nexys4_sv_vanilla.srcs/constrs_1/imports/constraint/Nexys4_DDR_chu.xdc:76]
WARNING: [Vivado 12-584] No ports matched 'rgb_led1[1]'. [H:/SoC_Labs/sseg_soc/nexys4_sv_vanilla/nexys4_sv_vanilla.srcs/constrs_1/imports/constraint/Nexys4_DDR_chu.xdc:77]
WARNING: [Vivado 12-584] No ports matched 'rgb_led1[2]'. [H:/SoC_Labs/sseg_soc/nexys4_sv_vanilla/nexys4_sv_vanilla.srcs/constrs_1/imports/constraint/Nexys4_DDR_chu.xdc:78]
WARNING: [Vivado 12-584] No ports matched 'rgb_led2[0]'. [H:/SoC_Labs/sseg_soc/nexys4_sv_vanilla/nexys4_sv_vanilla.srcs/constrs_1/imports/constraint/Nexys4_DDR_chu.xdc:79]
WARNING: [Vivado 12-584] No ports matched 'rgb_led2[1]'. [H:/SoC_Labs/sseg_soc/nexys4_sv_vanilla/nexys4_sv_vanilla.srcs/constrs_1/imports/constraint/Nexys4_DDR_chu.xdc:80]
WARNING: [Vivado 12-584] No ports matched 'rgb_led2[2]'. [H:/SoC_Labs/sseg_soc/nexys4_sv_vanilla/nexys4_sv_vanilla.srcs/constrs_1/imports/constraint/Nexys4_DDR_chu.xdc:81]
WARNING: [Vivado 12-584] No ports matched 'audio_pdm'. [H:/SoC_Labs/sseg_soc/nexys4_sv_vanilla/nexys4_sv_vanilla.srcs/constrs_1/imports/constraint/Nexys4_DDR_chu.xdc:109]
WARNING: [Vivado 12-584] No ports matched 'audio_on'. [H:/SoC_Labs/sseg_soc/nexys4_sv_vanilla/nexys4_sv_vanilla.srcs/constrs_1/imports/constraint/Nexys4_DDR_chu.xdc:110]
WARNING: [Vivado 12-584] No ports matched 'ps2c'. [H:/SoC_Labs/sseg_soc/nexys4_sv_vanilla/nexys4_sv_vanilla.srcs/constrs_1/imports/constraint/Nexys4_DDR_chu.xdc:125]
WARNING: [Vivado 12-584] No ports matched 'ps2d'. [H:/SoC_Labs/sseg_soc/nexys4_sv_vanilla/nexys4_sv_vanilla.srcs/constrs_1/imports/constraint/Nexys4_DDR_chu.xdc:126]
WARNING: [Vivado 12-584] No ports matched 'tmp_i2c_scl'. [H:/SoC_Labs/sseg_soc/nexys4_sv_vanilla/nexys4_sv_vanilla.srcs/constrs_1/imports/constraint/Nexys4_DDR_chu.xdc:133]
WARNING: [Vivado 12-584] No ports matched 'tmp_i2c_sda'. [H:/SoC_Labs/sseg_soc/nexys4_sv_vanilla/nexys4_sv_vanilla.srcs/constrs_1/imports/constraint/Nexys4_DDR_chu.xdc:134]
WARNING: [Vivado 12-584] No ports matched 'acl_miso'. [H:/SoC_Labs/sseg_soc/nexys4_sv_vanilla/nexys4_sv_vanilla.srcs/constrs_1/imports/constraint/Nexys4_DDR_chu.xdc:144]
WARNING: [Vivado 12-584] No ports matched 'acl_mosi'. [H:/SoC_Labs/sseg_soc/nexys4_sv_vanilla/nexys4_sv_vanilla.srcs/constrs_1/imports/constraint/Nexys4_DDR_chu.xdc:145]
WARNING: [Vivado 12-584] No ports matched 'acl_sclk'. [H:/SoC_Labs/sseg_soc/nexys4_sv_vanilla/nexys4_sv_vanilla.srcs/constrs_1/imports/constraint/Nexys4_DDR_chu.xdc:146]
WARNING: [Vivado 12-584] No ports matched 'acl_ss_n'. [H:/SoC_Labs/sseg_soc/nexys4_sv_vanilla/nexys4_sv_vanilla.srcs/constrs_1/imports/constraint/Nexys4_DDR_chu.xdc:147]
WARNING: [Vivado 12-584] No ports matched 'hsync'. [H:/SoC_Labs/sseg_soc/nexys4_sv_vanilla/nexys4_sv_vanilla.srcs/constrs_1/imports/constraint/Nexys4_DDR_chu.xdc:156]
WARNING: [Vivado 12-584] No ports matched 'vsync'. [H:/SoC_Labs/sseg_soc/nexys4_sv_vanilla/nexys4_sv_vanilla.srcs/constrs_1/imports/constraint/Nexys4_DDR_chu.xdc:157]
WARNING: [Vivado 12-584] No ports matched 'rgb[8]'. [H:/SoC_Labs/sseg_soc/nexys4_sv_vanilla/nexys4_sv_vanilla.srcs/constrs_1/imports/constraint/Nexys4_DDR_chu.xdc:158]
WARNING: [Vivado 12-584] No ports matched 'rgb[9]'. [H:/SoC_Labs/sseg_soc/nexys4_sv_vanilla/nexys4_sv_vanilla.srcs/constrs_1/imports/constraint/Nexys4_DDR_chu.xdc:159]
WARNING: [Vivado 12-584] No ports matched 'rgb[10]'. [H:/SoC_Labs/sseg_soc/nexys4_sv_vanilla/nexys4_sv_vanilla.srcs/constrs_1/imports/constraint/Nexys4_DDR_chu.xdc:160]
WARNING: [Vivado 12-584] No ports matched 'rgb[11]'. [H:/SoC_Labs/sseg_soc/nexys4_sv_vanilla/nexys4_sv_vanilla.srcs/constrs_1/imports/constraint/Nexys4_DDR_chu.xdc:161]
WARNING: [Vivado 12-584] No ports matched 'rgb[4]'. [H:/SoC_Labs/sseg_soc/nexys4_sv_vanilla/nexys4_sv_vanilla.srcs/constrs_1/imports/constraint/Nexys4_DDR_chu.xdc:162]
WARNING: [Vivado 12-584] No ports matched 'rgb[5]'. [H:/SoC_Labs/sseg_soc/nexys4_sv_vanilla/nexys4_sv_vanilla.srcs/constrs_1/imports/constraint/Nexys4_DDR_chu.xdc:163]
WARNING: [Vivado 12-584] No ports matched 'rgb[6]'. [H:/SoC_Labs/sseg_soc/nexys4_sv_vanilla/nexys4_sv_vanilla.srcs/constrs_1/imports/constraint/Nexys4_DDR_chu.xdc:164]
WARNING: [Vivado 12-584] No ports matched 'rgb[7]'. [H:/SoC_Labs/sseg_soc/nexys4_sv_vanilla/nexys4_sv_vanilla.srcs/constrs_1/imports/constraint/Nexys4_DDR_chu.xdc:165]
WARNING: [Vivado 12-584] No ports matched 'rgb[0]'. [H:/SoC_Labs/sseg_soc/nexys4_sv_vanilla/nexys4_sv_vanilla.srcs/constrs_1/imports/constraint/Nexys4_DDR_chu.xdc:166]
WARNING: [Vivado 12-584] No ports matched 'rgb[1]'. [H:/SoC_Labs/sseg_soc/nexys4_sv_vanilla/nexys4_sv_vanilla.srcs/constrs_1/imports/constraint/Nexys4_DDR_chu.xdc:167]
WARNING: [Vivado 12-584] No ports matched 'rgb[2]'. [H:/SoC_Labs/sseg_soc/nexys4_sv_vanilla/nexys4_sv_vanilla.srcs/constrs_1/imports/constraint/Nexys4_DDR_chu.xdc:168]
WARNING: [Vivado 12-584] No ports matched 'rgb[3]'. [H:/SoC_Labs/sseg_soc/nexys4_sv_vanilla/nexys4_sv_vanilla.srcs/constrs_1/imports/constraint/Nexys4_DDR_chu.xdc:169]
WARNING: [Vivado 12-584] No ports matched 'sd_reset'. [H:/SoC_Labs/sseg_soc/nexys4_sv_vanilla/nexys4_sv_vanilla.srcs/constrs_1/imports/constraint/Nexys4_DDR_chu.xdc:174]
WARNING: [Vivado 12-584] No ports matched 'sd_sclk'. [H:/SoC_Labs/sseg_soc/nexys4_sv_vanilla/nexys4_sv_vanilla.srcs/constrs_1/imports/constraint/Nexys4_DDR_chu.xdc:175]
WARNING: [Vivado 12-584] No ports matched 'sd_mosi'. [H:/SoC_Labs/sseg_soc/nexys4_sv_vanilla/nexys4_sv_vanilla.srcs/constrs_1/imports/constraint/Nexys4_DDR_chu.xdc:176]
WARNING: [Vivado 12-584] No ports matched 'sd_miso'. [H:/SoC_Labs/sseg_soc/nexys4_sv_vanilla/nexys4_sv_vanilla.srcs/constrs_1/imports/constraint/Nexys4_DDR_chu.xdc:177]
WARNING: [Vivado 12-584] No ports matched 'sd_ss_n'. [H:/SoC_Labs/sseg_soc/nexys4_sv_vanilla/nexys4_sv_vanilla.srcs/constrs_1/imports/constraint/Nexys4_DDR_chu.xdc:180]
WARNING: [Vivado 12-584] No ports matched 'adc_n[0]'. [H:/SoC_Labs/sseg_soc/nexys4_sv_vanilla/nexys4_sv_vanilla.srcs/constrs_1/imports/constraint/Nexys4_DDR_chu.xdc:207]
WARNING: [Vivado 12-584] No ports matched 'adc_p[0]'. [H:/SoC_Labs/sseg_soc/nexys4_sv_vanilla/nexys4_sv_vanilla.srcs/constrs_1/imports/constraint/Nexys4_DDR_chu.xdc:208]
WARNING: [Vivado 12-584] No ports matched 'adc_n[1]'. [H:/SoC_Labs/sseg_soc/nexys4_sv_vanilla/nexys4_sv_vanilla.srcs/constrs_1/imports/constraint/Nexys4_DDR_chu.xdc:209]
WARNING: [Vivado 12-584] No ports matched 'adc_p[1]'. [H:/SoC_Labs/sseg_soc/nexys4_sv_vanilla/nexys4_sv_vanilla.srcs/constrs_1/imports/constraint/Nexys4_DDR_chu.xdc:210]
WARNING: [Vivado 12-584] No ports matched 'adc_n[2]'. [H:/SoC_Labs/sseg_soc/nexys4_sv_vanilla/nexys4_sv_vanilla.srcs/constrs_1/imports/constraint/Nexys4_DDR_chu.xdc:211]
WARNING: [Vivado 12-584] No ports matched 'adc_p[2]'. [H:/SoC_Labs/sseg_soc/nexys4_sv_vanilla/nexys4_sv_vanilla.srcs/constrs_1/imports/constraint/Nexys4_DDR_chu.xdc:212]
WARNING: [Vivado 12-584] No ports matched 'adc_n[3]'. [H:/SoC_Labs/sseg_soc/nexys4_sv_vanilla/nexys4_sv_vanilla.srcs/constrs_1/imports/constraint/Nexys4_DDR_chu.xdc:213]
WARNING: [Vivado 12-584] No ports matched 'adc_p[3]'. [H:/SoC_Labs/sseg_soc/nexys4_sv_vanilla/nexys4_sv_vanilla.srcs/constrs_1/imports/constraint/Nexys4_DDR_chu.xdc:214]
WARNING: [Vivado 12-584] No ports matched 'ja_top[1]'. [H:/SoC_Labs/sseg_soc/nexys4_sv_vanilla/nexys4_sv_vanilla.srcs/constrs_1/imports/constraint/Nexys4_DDR_chu.xdc:223]
WARNING: [Vivado 12-584] No ports matched 'ja_top[2]'. [H:/SoC_Labs/sseg_soc/nexys4_sv_vanilla/nexys4_sv_vanilla.srcs/constrs_1/imports/constraint/Nexys4_DDR_chu.xdc:224]
WARNING: [Vivado 12-584] No ports matched 'ja_top[3]'. [H:/SoC_Labs/sseg_soc/nexys4_sv_vanilla/nexys4_sv_vanilla.srcs/constrs_1/imports/constraint/Nexys4_DDR_chu.xdc:225]
WARNING: [Vivado 12-584] No ports matched 'ja_top[4]'. [H:/SoC_Labs/sseg_soc/nexys4_sv_vanilla/nexys4_sv_vanilla.srcs/constrs_1/imports/constraint/Nexys4_DDR_chu.xdc:226]
WARNING: [Vivado 12-584] No ports matched 'ja_btm[7]'. [H:/SoC_Labs/sseg_soc/nexys4_sv_vanilla/nexys4_sv_vanilla.srcs/constrs_1/imports/constraint/Nexys4_DDR_chu.xdc:227]
WARNING: [Vivado 12-584] No ports matched 'ja_btm[8]'. [H:/SoC_Labs/sseg_soc/nexys4_sv_vanilla/nexys4_sv_vanilla.srcs/constrs_1/imports/constraint/Nexys4_DDR_chu.xdc:228]
WARNING: [Vivado 12-584] No ports matched 'ja_btm[9]'. [H:/SoC_Labs/sseg_soc/nexys4_sv_vanilla/nexys4_sv_vanilla.srcs/constrs_1/imports/constraint/Nexys4_DDR_chu.xdc:229]
WARNING: [Vivado 12-584] No ports matched 'ja_btm[10]'. [H:/SoC_Labs/sseg_soc/nexys4_sv_vanilla/nexys4_sv_vanilla.srcs/constrs_1/imports/constraint/Nexys4_DDR_chu.xdc:230]
WARNING: [Vivado 12-584] No ports matched 'jb_top[1]'. [H:/SoC_Labs/sseg_soc/nexys4_sv_vanilla/nexys4_sv_vanilla.srcs/constrs_1/imports/constraint/Nexys4_DDR_chu.xdc:237]
WARNING: [Vivado 12-584] No ports matched 'jb_top[2]'. [H:/SoC_Labs/sseg_soc/nexys4_sv_vanilla/nexys4_sv_vanilla.srcs/constrs_1/imports/constraint/Nexys4_DDR_chu.xdc:238]
WARNING: [Vivado 12-584] No ports matched 'jb_top[3]'. [H:/SoC_Labs/sseg_soc/nexys4_sv_vanilla/nexys4_sv_vanilla.srcs/constrs_1/imports/constraint/Nexys4_DDR_chu.xdc:239]
WARNING: [Vivado 12-584] No ports matched 'jb_top[4]'. [H:/SoC_Labs/sseg_soc/nexys4_sv_vanilla/nexys4_sv_vanilla.srcs/constrs_1/imports/constraint/Nexys4_DDR_chu.xdc:240]
WARNING: [Vivado 12-584] No ports matched 'jb_btm[7]'. [H:/SoC_Labs/sseg_soc/nexys4_sv_vanilla/nexys4_sv_vanilla.srcs/constrs_1/imports/constraint/Nexys4_DDR_chu.xdc:241]
WARNING: [Vivado 12-584] No ports matched 'jb_btm[8]'. [H:/SoC_Labs/sseg_soc/nexys4_sv_vanilla/nexys4_sv_vanilla.srcs/constrs_1/imports/constraint/Nexys4_DDR_chu.xdc:242]
WARNING: [Vivado 12-584] No ports matched 'jb_btm[9]'. [H:/SoC_Labs/sseg_soc/nexys4_sv_vanilla/nexys4_sv_vanilla.srcs/constrs_1/imports/constraint/Nexys4_DDR_chu.xdc:243]
WARNING: [Vivado 12-584] No ports matched 'jb_btm[10]'. [H:/SoC_Labs/sseg_soc/nexys4_sv_vanilla/nexys4_sv_vanilla.srcs/constrs_1/imports/constraint/Nexys4_DDR_chu.xdc:244]
WARNING: [Vivado 12-584] No ports matched 'jc_top[1]'. [H:/SoC_Labs/sseg_soc/nexys4_sv_vanilla/nexys4_sv_vanilla.srcs/constrs_1/imports/constraint/Nexys4_DDR_chu.xdc:251]
WARNING: [Vivado 12-584] No ports matched 'jc_top[2]'. [H:/SoC_Labs/sseg_soc/nexys4_sv_vanilla/nexys4_sv_vanilla.srcs/constrs_1/imports/constraint/Nexys4_DDR_chu.xdc:252]
WARNING: [Vivado 12-584] No ports matched 'jc_top[3]'. [H:/SoC_Labs/sseg_soc/nexys4_sv_vanilla/nexys4_sv_vanilla.srcs/constrs_1/imports/constraint/Nexys4_DDR_chu.xdc:253]
WARNING: [Vivado 12-584] No ports matched 'jc_top[4]'. [H:/SoC_Labs/sseg_soc/nexys4_sv_vanilla/nexys4_sv_vanilla.srcs/constrs_1/imports/constraint/Nexys4_DDR_chu.xdc:254]
WARNING: [Vivado 12-584] No ports matched 'jc_btm[7]'. [H:/SoC_Labs/sseg_soc/nexys4_sv_vanilla/nexys4_sv_vanilla.srcs/constrs_1/imports/constraint/Nexys4_DDR_chu.xdc:255]
WARNING: [Vivado 12-584] No ports matched 'jc_btm[8]'. [H:/SoC_Labs/sseg_soc/nexys4_sv_vanilla/nexys4_sv_vanilla.srcs/constrs_1/imports/constraint/Nexys4_DDR_chu.xdc:256]
WARNING: [Vivado 12-584] No ports matched 'jc_btm[9]'. [H:/SoC_Labs/sseg_soc/nexys4_sv_vanilla/nexys4_sv_vanilla.srcs/constrs_1/imports/constraint/Nexys4_DDR_chu.xdc:257]
WARNING: [Vivado 12-584] No ports matched 'jc_btm[10]'. [H:/SoC_Labs/sseg_soc/nexys4_sv_vanilla/nexys4_sv_vanilla.srcs/constrs_1/imports/constraint/Nexys4_DDR_chu.xdc:258]
WARNING: [Vivado 12-584] No ports matched 'jd_top[1]'. [H:/SoC_Labs/sseg_soc/nexys4_sv_vanilla/nexys4_sv_vanilla.srcs/constrs_1/imports/constraint/Nexys4_DDR_chu.xdc:266]
WARNING: [Vivado 12-584] No ports matched 'jd_top[2]'. [H:/SoC_Labs/sseg_soc/nexys4_sv_vanilla/nexys4_sv_vanilla.srcs/constrs_1/imports/constraint/Nexys4_DDR_chu.xdc:267]
WARNING: [Vivado 12-584] No ports matched 'jd_top[3]'. [H:/SoC_Labs/sseg_soc/nexys4_sv_vanilla/nexys4_sv_vanilla.srcs/constrs_1/imports/constraint/Nexys4_DDR_chu.xdc:268]
WARNING: [Vivado 12-584] No ports matched 'jd_top[4]'. [H:/SoC_Labs/sseg_soc/nexys4_sv_vanilla/nexys4_sv_vanilla.srcs/constrs_1/imports/constraint/Nexys4_DDR_chu.xdc:269]
WARNING: [Vivado 12-584] No ports matched 'jd_btm[7]'. [H:/SoC_Labs/sseg_soc/nexys4_sv_vanilla/nexys4_sv_vanilla.srcs/constrs_1/imports/constraint/Nexys4_DDR_chu.xdc:270]
WARNING: [Vivado 12-584] No ports matched 'jd_btm[8]'. [H:/SoC_Labs/sseg_soc/nexys4_sv_vanilla/nexys4_sv_vanilla.srcs/constrs_1/imports/constraint/Nexys4_DDR_chu.xdc:271]
WARNING: [Vivado 12-584] No ports matched 'jd_btm[9]'. [H:/SoC_Labs/sseg_soc/nexys4_sv_vanilla/nexys4_sv_vanilla.srcs/constrs_1/imports/constraint/Nexys4_DDR_chu.xdc:272]
WARNING: [Vivado 12-584] No ports matched 'jd_btm[10]'. [H:/SoC_Labs/sseg_soc/nexys4_sv_vanilla/nexys4_sv_vanilla.srcs/constrs_1/imports/constraint/Nexys4_DDR_chu.xdc:273]
Finished Parsing XDC File [H:/SoC_Labs/sseg_soc/nexys4_sv_vanilla/nexys4_sv_vanilla.srcs/constrs_1/imports/constraint/Nexys4_DDR_chu.xdc]
WARNING: [Project 1-498] One or more constraints failed evaluation while reading constraint file [H:/SoC_Labs/sseg_soc/nexys4_sv_vanilla/nexys4_sv_vanilla.srcs/constrs_1/imports/constraint/Nexys4_DDR_chu.xdc] and the design contains unresolved black boxes. These constraints will be read post-synthesis (as long as their source constraint file is marked as used_in_implementation) and should be applied correctly then. You should review the constraints listed in the file [.Xil/mcs_top_vanilla_propImpl.xdc] and check the run log file to verify that these constraints were correctly applied.
INFO: [Project 1-236] Implementation specific constraints were found while reading constraint file [H:/SoC_Labs/sseg_soc/nexys4_sv_vanilla/nexys4_sv_vanilla.srcs/constrs_1/imports/constraint/Nexys4_DDR_chu.xdc]. These constraints will be ignored for synthesis but will be used in implementation. Impacted constraints are listed in the file [.Xil/mcs_top_vanilla_propImpl.xdc].
Resolution: To avoid this warning, move constraints listed in [.Xil/mcs_top_vanilla_propImpl.xdc] to another XDC file and exclude this new file from synthesis with the used_in_synthesis property (File Properties dialog in GUI) and re-run elaboration/synthesis.
Parsing XDC File [H:/SoC_Labs/sseg_soc/nexys4_sv_vanilla/Master_Files/synth_1/dont_touch.xdc]
Finished Parsing XDC File [H:/SoC_Labs/sseg_soc/nexys4_sv_vanilla/Master_Files/synth_1/dont_touch.xdc]
Completed Processing XDC Constraints

INFO: [Project 1-111] Unisim Transformation Summary:
No Unisim elements were transformed.

Constraint Validation Runtime : Time (s): cpu = 00:00:00 ; elapsed = 00:00:00.008 . Memory (MB): peak = 711.637 ; gain = 0.000
---------------------------------------------------------------------------------
Finished Constraint Validation : Time (s): cpu = 00:00:13 ; elapsed = 00:00:28 . Memory (MB): peak = 711.637 ; gain = 432.211
---------------------------------------------------------------------------------
---------------------------------------------------------------------------------
Start Loading Part and Timing Information
---------------------------------------------------------------------------------
Loading part: xc7a100tcsg324-1
---------------------------------------------------------------------------------
Finished Loading Part and Timing Information : Time (s): cpu = 00:00:13 ; elapsed = 00:00:28 . Memory (MB): peak = 711.637 ; gain = 432.211
---------------------------------------------------------------------------------
---------------------------------------------------------------------------------
Start Applying 'set_property' XDC Constraints
---------------------------------------------------------------------------------
Applied set_property DONT_TOUCH = true for cpu_unit. (constraint file  auto generated constraint, line ).
---------------------------------------------------------------------------------
Finished applying 'set_property' XDC Constraints : Time (s): cpu = 00:00:13 ; elapsed = 00:00:29 . Memory (MB): peak = 711.637 ; gain = 432.211
---------------------------------------------------------------------------------
WARNING: [Synth 8-6014] Unused sequential element count_reg_reg was removed.  [H:/SoC_Labs/sseg_soc/nexys4_sv_vanilla/nexys4_sv_vanilla.srcs/sources_1/imports/code_listing_sv/fpga_mcs_sv_src/hdl/mmio/mmio_basic/chu_timer.sv:32]
WARNING: [Synth 8-6014] Unused sequential element r_reg_reg was removed.  [H:/SoC_Labs/sseg_soc/nexys4_sv_vanilla/nexys4_sv_vanilla.srcs/sources_1/imports/code_listing_sv/fpga_mcs_sv_src/hdl/mmio/uart/baud_gen.sv:19]
INFO: [Synth 8-802] inferred FSM for state register 'state_reg_reg' in module 'uart_rx'
WARNING: [Synth 8-6014] Unused sequential element state_reg_reg was removed.  [H:/SoC_Labs/sseg_soc/nexys4_sv_vanilla/nexys4_sv_vanilla.srcs/sources_1/imports/code_listing_sv/fpga_mcs_sv_src/hdl/mmio/uart/uart_rx.sv:27]
INFO: [Synth 8-5544] ROM "rx_done_tick" won't be mapped to Block RAM because address size (4) smaller than threshold (5)
INFO: [Synth 8-5544] ROM "state_next" won't be mapped to Block RAM because address size (4) smaller than threshold (5)
INFO: [Synth 8-5544] ROM "state_next" won't be mapped to Block RAM because address size (3) smaller than threshold (5)
INFO: [Synth 8-5544] ROM "state_next" won't be mapped to Block RAM because address size (4) smaller than threshold (5)
INFO: [Synth 8-5544] ROM "s_next" won't be mapped to Block RAM because address size (4) smaller than threshold (5)
INFO: [Synth 8-5544] ROM "n_next" won't be mapped to Block RAM because address size (4) smaller than threshold (5)
INFO: [Synth 8-5544] ROM "n_next" won't be mapped to Block RAM because address size (3) smaller than threshold (5)
INFO: [Synth 8-802] inferred FSM for state register 'state_reg_reg' in module 'uart_tx'
WARNING: [Synth 8-6014] Unused sequential element state_reg_reg was removed.  [H:/SoC_Labs/sseg_soc/nexys4_sv_vanilla/nexys4_sv_vanilla.srcs/sources_1/imports/code_listing_sv/fpga_mcs_sv_src/hdl/mmio/uart/uart_tx.sv:29]
INFO: [Synth 8-5544] ROM "tx_done_tick" won't be mapped to Block RAM because address size (4) smaller than threshold (5)
INFO: [Synth 8-5544] ROM "state_next" won't be mapped to Block RAM because address size (4) smaller than threshold (5)
INFO: [Synth 8-5544] ROM "state_next" won't be mapped to Block RAM because address size (3) smaller than threshold (5)
INFO: [Synth 8-5544] ROM "s_next" won't be mapped to Block RAM because address size (4) smaller than threshold (5)
INFO: [Synth 8-5544] ROM "n_next" won't be mapped to Block RAM because address size (3) smaller than threshold (5)
INFO: [Synth 8-5545] ROM "tx_next" won't be mapped to RAM because address size (32) is larger than maximum supported(25)
WARNING: [Synth 8-6014] Unused sequential element w_ptr_logic_reg was removed.  [H:/SoC_Labs/sseg_soc/nexys4_sv_vanilla/nexys4_sv_vanilla.srcs/sources_1/imports/code_listing_sv/fpga_mcs_sv_src/hdl/mmio/mmio_support/fifo/fifo_ctrl.sv:25]
WARNING: [Synth 8-6014] Unused sequential element r_ptr_logic_reg was removed.  [H:/SoC_Labs/sseg_soc/nexys4_sv_vanilla/nexys4_sv_vanilla.srcs/sources_1/imports/code_listing_sv/fpga_mcs_sv_src/hdl/mmio/mmio_support/fifo/fifo_ctrl.sv:26]
INFO: [Synth 8-5545] ROM "tick" won't be mapped to RAM because address size (27) is larger than maximum supported(25)
WARNING: [Synth 8-6014] Unused sequential element count_reg was removed.  [H:/SoC_Labs/sseg_soc/nexys4_sv_vanilla/nexys4_sv_vanilla.srcs/sources_1/imports/code_listing_sv/fpga_mcs_sv_src/hdl/mmio/sseg/counter.sv:9]
WARNING: [Synth 8-6014] Unused sequential element state_reg_reg was removed.  [H:/SoC_Labs/sseg_soc/nexys4_sv_vanilla/nexys4_sv_vanilla.srcs/sources_1/imports/code_listing_sv/fpga_mcs_sv_src/hdl/mmio/uart/uart_rx.sv:27]
WARNING: [Synth 8-6014] Unused sequential element state_reg_reg was removed.  [H:/SoC_Labs/sseg_soc/nexys4_sv_vanilla/nexys4_sv_vanilla.srcs/sources_1/imports/code_listing_sv/fpga_mcs_sv_src/hdl/mmio/uart/uart_rx.sv:27]
---------------------------------------------------------------------------------------------------
                   State |                     New Encoding |                Previous Encoding 
---------------------------------------------------------------------------------------------------
                    idle |                               00 | 00000000000000000000000000000000
                   start |                               01 | 00000000000000000000000000000001
                    data |                               10 | 00000000000000000000000000000010
                    stop |                               11 | 00000000000000000000000000000011
---------------------------------------------------------------------------------------------------
INFO: [Synth 8-3354] encoded FSM with state register 'state_reg_reg' using encoding 'sequential' in module 'uart_rx'
WARNING: [Synth 8-6014] Unused sequential element state_reg_reg was removed.  [H:/SoC_Labs/sseg_soc/nexys4_sv_vanilla/nexys4_sv_vanilla.srcs/sources_1/imports/code_listing_sv/fpga_mcs_sv_src/hdl/mmio/uart/uart_rx.sv:27]
WARNING: [Synth 8-6014] Unused sequential element state_reg_reg was removed.  [H:/SoC_Labs/sseg_soc/nexys4_sv_vanilla/nexys4_sv_vanilla.srcs/sources_1/imports/code_listing_sv/fpga_mcs_sv_src/hdl/mmio/uart/uart_tx.sv:29]
WARNING: [Synth 8-6014] Unused sequential element state_reg_reg was removed.  [H:/SoC_Labs/sseg_soc/nexys4_sv_vanilla/nexys4_sv_vanilla.srcs/sources_1/imports/code_listing_sv/fpga_mcs_sv_src/hdl/mmio/uart/uart_tx.sv:29]
---------------------------------------------------------------------------------------------------
                   State |                     New Encoding |                Previous Encoding 
---------------------------------------------------------------------------------------------------
                    idle |                               00 | 00000000000000000000000000000000
                   start |                               01 | 00000000000000000000000000000001
                    data |                               10 | 00000000000000000000000000000010
                    stop |                               11 | 00000000000000000000000000000011
---------------------------------------------------------------------------------------------------
INFO: [Synth 8-3354] encoded FSM with state register 'state_reg_reg' using encoding 'sequential' in module 'uart_tx'
WARNING: [Synth 8-6014] Unused sequential element state_reg_reg was removed.  [H:/SoC_Labs/sseg_soc/nexys4_sv_vanilla/nexys4_sv_vanilla.srcs/sources_1/imports/code_listing_sv/fpga_mcs_sv_src/hdl/mmio/uart/uart_tx.sv:29]
---------------------------------------------------------------------------------
Finished RTL Optimization Phase 2 : Time (s): cpu = 00:00:13 ; elapsed = 00:00:29 . Memory (MB): peak = 711.637 ; gain = 432.211
---------------------------------------------------------------------------------

Report RTL Partitions: 
+-+--------------+------------+----------+
| |RTL Partition |Replication |Instances |
+-+--------------+------------+----------+
+-+--------------+------------+----------+
---------------------------------------------------------------------------------
Start RTL Component Statistics 
---------------------------------------------------------------------------------
Detailed RTL Component Info : 
+---Adders : 
	   2 Input     11 Bit       Adders := 2     
	   2 Input      8 Bit       Adders := 8     
	   2 Input      4 Bit       Adders := 2     
	   2 Input      3 Bit       Adders := 3     
+---Registers : 
	               32 Bit    Registers := 3     
	               16 Bit    Registers := 2     
	               11 Bit    Registers := 2     
	                8 Bit    Registers := 6     
	                4 Bit    Registers := 2     
	                3 Bit    Registers := 3     
	                1 Bit    Registers := 6     
+---Muxes : 
	   2 Input     64 Bit        Muxes := 1     
	   2 Input     32 Bit        Muxes := 1     
	   2 Input     11 Bit        Muxes := 1     
	   2 Input     10 Bit        Muxes := 1     
	   4 Input      8 Bit        Muxes := 1     
	   8 Input      8 Bit        Muxes := 1     
	   2 Input      4 Bit        Muxes := 3     
	   4 Input      4 Bit        Muxes := 2     
	   4 Input      3 Bit        Muxes := 2     
	   4 Input      2 Bit        Muxes := 2     
	   2 Input      2 Bit        Muxes := 1     
	   2 Input      1 Bit        Muxes := 9     
	   3 Input      1 Bit        Muxes := 4     
	   4 Input      1 Bit        Muxes := 23    
---------------------------------------------------------------------------------
Finished RTL Component Statistics 
---------------------------------------------------------------------------------
---------------------------------------------------------------------------------
Start RTL Hierarchical Component Statistics 
---------------------------------------------------------------------------------
Hierarchical RTL Component report 
Module chu_mmio_controller 
Detailed RTL Component Info : 
+---Muxes : 
	   2 Input     64 Bit        Muxes := 1     
Module chu_timer 
Detailed RTL Component Info : 
+---Registers : 
	                1 Bit    Registers := 1     
+---Muxes : 
	   2 Input     32 Bit        Muxes := 1     
	   2 Input      1 Bit        Muxes := 1     
Module baud_gen 
Detailed RTL Component Info : 
+---Adders : 
	   2 Input     11 Bit       Adders := 1     
+---Registers : 
	               11 Bit    Registers := 1     
+---Muxes : 
	   2 Input     11 Bit        Muxes := 1     
Module uart_rx 
Detailed RTL Component Info : 
+---Adders : 
	   2 Input      4 Bit       Adders := 1     
	   2 Input      3 Bit       Adders := 1     
+---Registers : 
	                8 Bit    Registers := 1     
	                4 Bit    Registers := 1     
	                3 Bit    Registers := 1     
+---Muxes : 
	   2 Input      4 Bit        Muxes := 2     
	   4 Input      4 Bit        Muxes := 1     
	   4 Input      3 Bit        Muxes := 1     
	   4 Input      2 Bit        Muxes := 1     
	   2 Input      1 Bit        Muxes := 5     
	   3 Input      1 Bit        Muxes := 2     
	   4 Input      1 Bit        Muxes := 5     
Module uart_tx 
Detailed RTL Component Info : 
+---Adders : 
	   2 Input      4 Bit       Adders := 1     
	   2 Input      3 Bit       Adders := 1     
+---Registers : 
	                8 Bit    Registers := 1     
	                4 Bit    Registers := 1     
	                3 Bit    Registers := 1     
	                1 Bit    Registers := 1     
+---Muxes : 
	   4 Input      8 Bit        Muxes := 1     
	   2 Input      4 Bit        Muxes := 1     
	   4 Input      4 Bit        Muxes := 1     
	   4 Input      3 Bit        Muxes := 1     
	   4 Input      2 Bit        Muxes := 1     
	   2 Input      1 Bit        Muxes := 3     
	   3 Input      1 Bit        Muxes := 2     
	   4 Input      1 Bit        Muxes := 6     
Module fifo_ctrl 
Detailed RTL Component Info : 
+---Adders : 
	   2 Input      8 Bit       Adders := 4     
+---Registers : 
	                8 Bit    Registers := 2     
	                1 Bit    Registers := 2     
+---Muxes : 
	   4 Input      1 Bit        Muxes := 6     
Module chu_uart 
Detailed RTL Component Info : 
+---Registers : 
	               11 Bit    Registers := 1     
Module chu_gpo 
Detailed RTL Component Info : 
+---Registers : 
	               16 Bit    Registers := 1     
Module chu_gpi 
Detailed RTL Component Info : 
+---Registers : 
	               16 Bit    Registers := 1     
Module register 
Detailed RTL Component Info : 
+---Registers : 
	               32 Bit    Registers := 1     
Module counter 
Detailed RTL Component Info : 
+---Adders : 
	   2 Input     11 Bit       Adders := 1     
+---Muxes : 
	   2 Input      2 Bit        Muxes := 1     
Module disp_mux 
Detailed RTL Component Info : 
+---Adders : 
	   2 Input      3 Bit       Adders := 1     
+---Registers : 
	                3 Bit    Registers := 1     
+---Muxes : 
	   8 Input      8 Bit        Muxes := 1     
Module sseg_wrapper 
Detailed RTL Component Info : 
+---Registers : 
	               32 Bit    Registers := 2     
+---Muxes : 
	   2 Input     10 Bit        Muxes := 1     
---------------------------------------------------------------------------------
Finished RTL Hierarchical Component Statistics
---------------------------------------------------------------------------------
---------------------------------------------------------------------------------
Start Part Resource Summary
---------------------------------------------------------------------------------
Part Resources:
DSPs: 240 (col length:80)
BRAMs: 270 (col length: RAMB18 80 RAMB36 40)
---------------------------------------------------------------------------------
Finished Part Resource Summary
---------------------------------------------------------------------------------
---------------------------------------------------------------------------------
Start Cross Boundary and Area Optimization
---------------------------------------------------------------------------------
INFO: [Synth 8-5545] ROM "mmio_unit/sseg_slot8/display/refresh_counter/tick" won't be mapped to RAM because address size (27) is larger than maximum supported(25)
WARNING: [Synth 8-6014] Unused sequential element mmio_unit/timer_slot0/count_reg_reg was removed.  [H:/SoC_Labs/sseg_soc/nexys4_sv_vanilla/nexys4_sv_vanilla.srcs/sources_1/imports/code_listing_sv/fpga_mcs_sv_src/hdl/mmio/mmio_basic/chu_timer.sv:32]
WARNING: [Synth 8-6014] Unused sequential element mmio_unit/uart_slot1/uart_unit/baud_gen_unit/r_reg_reg was removed.  [H:/SoC_Labs/sseg_soc/nexys4_sv_vanilla/nexys4_sv_vanilla.srcs/sources_1/imports/code_listing_sv/fpga_mcs_sv_src/hdl/mmio/uart/baud_gen.sv:19]
WARNING: [Synth 8-6014] Unused sequential element mmio_unit/uart_slot1/uart_unit/fifo_rx_unit/c_unit/r_ptr_logic_reg was removed.  [H:/SoC_Labs/sseg_soc/nexys4_sv_vanilla/nexys4_sv_vanilla.srcs/sources_1/imports/code_listing_sv/fpga_mcs_sv_src/hdl/mmio/mmio_support/fifo/fifo_ctrl.sv:26]
WARNING: [Synth 8-6014] Unused sequential element mmio_unit/uart_slot1/uart_unit/fifo_rx_unit/c_unit/w_ptr_logic_reg was removed.  [H:/SoC_Labs/sseg_soc/nexys4_sv_vanilla/nexys4_sv_vanilla.srcs/sources_1/imports/code_listing_sv/fpga_mcs_sv_src/hdl/mmio/mmio_support/fifo/fifo_ctrl.sv:25]
WARNING: [Synth 8-6014] Unused sequential element mmio_unit/uart_slot1/uart_unit/fifo_tx_unit/c_unit/r_ptr_logic_reg was removed.  [H:/SoC_Labs/sseg_soc/nexys4_sv_vanilla/nexys4_sv_vanilla.srcs/sources_1/imports/code_listing_sv/fpga_mcs_sv_src/hdl/mmio/mmio_support/fifo/fifo_ctrl.sv:26]
WARNING: [Synth 8-6014] Unused sequential element mmio_unit/uart_slot1/uart_unit/fifo_tx_unit/c_unit/w_ptr_logic_reg was removed.  [H:/SoC_Labs/sseg_soc/nexys4_sv_vanilla/nexys4_sv_vanilla.srcs/sources_1/imports/code_listing_sv/fpga_mcs_sv_src/hdl/mmio/mmio_support/fifo/fifo_ctrl.sv:25]
WARNING: [Synth 8-6014] Unused sequential element mmio_unit/sseg_slot8/display/refresh_counter/count_reg was removed.  [H:/SoC_Labs/sseg_soc/nexys4_sv_vanilla/nexys4_sv_vanilla.srcs/sources_1/imports/code_listing_sv/fpga_mcs_sv_src/hdl/mmio/sseg/counter.sv:9]
WARNING: [Synth 8-3332] Sequential element (mmio_unit/sseg_slot8/buf_reg1_reg[31]) is unused and will be removed from module mcs_top_vanilla.
WARNING: [Synth 8-3332] Sequential element (mmio_unit/sseg_slot8/buf_reg1_reg[30]) is unused and will be removed from module mcs_top_vanilla.
WARNING: [Synth 8-3332] Sequential element (mmio_unit/sseg_slot8/buf_reg1_reg[29]) is unused and will be removed from module mcs_top_vanilla.
WARNING: [Synth 8-3332] Sequential element (mmio_unit/sseg_slot8/buf_reg1_reg[28]) is unused and will be removed from module mcs_top_vanilla.
WARNING: [Synth 8-3332] Sequential element (mmio_unit/sseg_slot8/buf_reg1_reg[27]) is unused and will be removed from module mcs_top_vanilla.
WARNING: [Synth 8-3332] Sequential element (mmio_unit/sseg_slot8/buf_reg1_reg[26]) is unused and will be removed from module mcs_top_vanilla.
WARNING: [Synth 8-3332] Sequential element (mmio_unit/sseg_slot8/buf_reg1_reg[25]) is unused and will be removed from module mcs_top_vanilla.
WARNING: [Synth 8-3332] Sequential element (mmio_unit/sseg_slot8/buf_reg1_reg[24]) is unused and will be removed from module mcs_top_vanilla.
WARNING: [Synth 8-3332] Sequential element (mmio_unit/sseg_slot8/buf_reg1_reg[23]) is unused and will be removed from module mcs_top_vanilla.
WARNING: [Synth 8-3332] Sequential element (mmio_unit/sseg_slot8/buf_reg1_reg[22]) is unused and will be removed from module mcs_top_vanilla.
WARNING: [Synth 8-3332] Sequential element (mmio_unit/sseg_slot8/buf_reg1_reg[21]) is unused and will be removed from module mcs_top_vanilla.
WARNING: [Synth 8-3332] Sequential element (mmio_unit/sseg_slot8/buf_reg1_reg[20]) is unused and will be removed from module mcs_top_vanilla.
WARNING: [Synth 8-3332] Sequential element (mmio_unit/sseg_slot8/buf_reg1_reg[19]) is unused and will be removed from module mcs_top_vanilla.
WARNING: [Synth 8-3332] Sequential element (mmio_unit/sseg_slot8/buf_reg1_reg[18]) is unused and will be removed from module mcs_top_vanilla.
WARNING: [Synth 8-3332] Sequential element (mmio_unit/sseg_slot8/buf_reg1_reg[17]) is unused and will be removed from module mcs_top_vanilla.
WARNING: [Synth 8-3332] Sequential element (mmio_unit/sseg_slot8/buf_reg1_reg[16]) is unused and will be removed from module mcs_top_vanilla.
WARNING: [Synth 8-3332] Sequential element (mmio_unit/sseg_slot8/buf_reg1_reg[15]) is unused and will be removed from module mcs_top_vanilla.
WARNING: [Synth 8-3332] Sequential element (mmio_unit/sseg_slot8/buf_reg1_reg[14]) is unused and will be removed from module mcs_top_vanilla.
WARNING: [Synth 8-3332] Sequential element (mmio_unit/sseg_slot8/buf_reg1_reg[13]) is unused and will be removed from module mcs_top_vanilla.
WARNING: [Synth 8-3332] Sequential element (mmio_unit/sseg_slot8/buf_reg1_reg[12]) is unused and will be removed from module mcs_top_vanilla.
WARNING: [Synth 8-3332] Sequential element (mmio_unit/sseg_slot8/buf_reg1_reg[11]) is unused and will be removed from module mcs_top_vanilla.
WARNING: [Synth 8-3332] Sequential element (mmio_unit/sseg_slot8/buf_reg1_reg[10]) is unused and will be removed from module mcs_top_vanilla.
---------------------------------------------------------------------------------
Finished Cross Boundary and Area Optimization : Time (s): cpu = 00:00:15 ; elapsed = 00:00:31 . Memory (MB): peak = 711.637 ; gain = 432.211
---------------------------------------------------------------------------------
---------------------------------------------------------------------------------
Start ROM, RAM, DSP and Shift Register Reporting
---------------------------------------------------------------------------------

Distributed RAM: Preliminary Mapping  Report (see note below)
+----------------+------------------------------------------------------------------+-----------+----------------------+----------------------------+
|Module Name     | RTL Object                                                       | Inference | Size (Depth x Width) | Primitives                 | 
+----------------+------------------------------------------------------------------+-----------+----------------------+----------------------------+
|mcs_top_vanilla | mmio_unit/uart_slot1/uart_unit/fifo_rx_unit/f_unit/array_reg_reg | Implied   | 256 x 8              | RAM64X1D x 8  RAM64M x 8   | 
|mcs_top_vanilla | mmio_unit/uart_slot1/uart_unit/fifo_tx_unit/f_unit/array_reg_reg | Implied   | 256 x 8              | RAM64X1D x 8  RAM64M x 8   | 
+----------------+------------------------------------------------------------------+-----------+----------------------+----------------------------+

Note: The table above is a preliminary report that shows the Distributed RAMs at the current stage of the synthesis flow. Some Distributed RAMs may be reimplemented as non Distributed RAM primitives later in the synthesis flow. Multiple instantiated RAMs are reported only once.
---------------------------------------------------------------------------------
Finished ROM, RAM, DSP and Shift Register Reporting
---------------------------------------------------------------------------------

Report RTL Partitions: 
+-+--------------+------------+----------+
| |RTL Partition |Replication |Instances |
+-+--------------+------------+----------+
+-+--------------+------------+----------+
